This is pdfTeX, Version 3.14159265-2.6-1.40.19 (MiKTeX 2.9.6630 64-bit) (preloaded format=pdflatex 2018.4.10)  5 APR 2019 16:37
entering extended mode
**./main.tex
(main.tex
LaTeX2e <2017-04-15>
Babel <3.18> and hyphenation patterns for 75 language(s) loaded.
(C:\Users\Francesco\MikTeX\tex\latex\ieeetran\IEEEtran.cls
Document Class: IEEEtran 2015/08/26 V1.8b by Michael Shell
-- See the "IEEEtran_HOWTO" manual for usage information.
-- http://www.michaelshell.org/tex/ieeetran/
\@IEEEtrantmpdimenA=\dimen102
\@IEEEtrantmpdimenB=\dimen103
\@IEEEtrantmpdimenC=\dimen104
\@IEEEtrantmpcountA=\count79
\@IEEEtrantmpcountB=\count80
\@IEEEtrantmpcountC=\count81
\@IEEEtrantmptoksA=\toks14
LaTeX Font Info:    Try loading font information for OT1+ptm on input line 503.

(C:\Users\Francesco\MikTeX\tex\latex\psnfss\ot1ptm.fd
File: ot1ptm.fd 2001/06/04 font definitions for OT1/ptm.
)
-- Using 8.5in x 11in (letter) paper.
-- Using PDF output.
\@IEEEnormalsizeunitybaselineskip=\dimen105
-- This is a 10 point document.
\CLASSINFOnormalsizebaselineskip=\dimen106
\CLASSINFOnormalsizeunitybaselineskip=\dimen107
\IEEEnormaljot=\dimen108
LaTeX Font Info:    Font shape `OT1/ptm/bx/n' in size <5> not available
(Font)              Font shape `OT1/ptm/b/n' tried instead on input line 1090.
LaTeX Font Info:    Font shape `OT1/ptm/bx/it' in size <5> not available
(Font)              Font shape `OT1/ptm/b/it' tried instead on input line 1090.

LaTeX Font Info:    Font shape `OT1/ptm/bx/n' in size <7> not available
(Font)              Font shape `OT1/ptm/b/n' tried instead on input line 1090.
LaTeX Font Info:    Font shape `OT1/ptm/bx/it' in size <7> not available
(Font)              Font shape `OT1/ptm/b/it' tried instead on input line 1090.

LaTeX Font Info:    Font shape `OT1/ptm/bx/n' in size <8> not available
(Font)              Font shape `OT1/ptm/b/n' tried instead on input line 1090.
LaTeX Font Info:    Font shape `OT1/ptm/bx/it' in size <8> not available
(Font)              Font shape `OT1/ptm/b/it' tried instead on input line 1090.

LaTeX Font Info:    Font shape `OT1/ptm/bx/n' in size <9> not available
(Font)              Font shape `OT1/ptm/b/n' tried instead on input line 1090.
LaTeX Font Info:    Font shape `OT1/ptm/bx/it' in size <9> not available
(Font)              Font shape `OT1/ptm/b/it' tried instead on input line 1090.

LaTeX Font Info:    Font shape `OT1/ptm/bx/n' in size <10> not available
(Font)              Font shape `OT1/ptm/b/n' tried instead on input line 1090.
LaTeX Font Info:    Font shape `OT1/ptm/bx/it' in size <10> not available
(Font)              Font shape `OT1/ptm/b/it' tried instead on input line 1090.

LaTeX Font Info:    Font shape `OT1/ptm/bx/n' in size <11> not available
(Font)              Font shape `OT1/ptm/b/n' tried instead on input line 1090.
LaTeX Font Info:    Font shape `OT1/ptm/bx/it' in size <11> not available
(Font)              Font shape `OT1/ptm/b/it' tried instead on input line 1090.

LaTeX Font Info:    Font shape `OT1/ptm/bx/n' in size <12> not available
(Font)              Font shape `OT1/ptm/b/n' tried instead on input line 1090.
LaTeX Font Info:    Font shape `OT1/ptm/bx/it' in size <12> not available
(Font)              Font shape `OT1/ptm/b/it' tried instead on input line 1090.

LaTeX Font Info:    Font shape `OT1/ptm/bx/n' in size <17> not available
(Font)              Font shape `OT1/ptm/b/n' tried instead on input line 1090.
LaTeX Font Info:    Font shape `OT1/ptm/bx/it' in size <17> not available
(Font)              Font shape `OT1/ptm/b/it' tried instead on input line 1090.

LaTeX Font Info:    Font shape `OT1/ptm/bx/n' in size <20> not available
(Font)              Font shape `OT1/ptm/b/n' tried instead on input line 1090.
LaTeX Font Info:    Font shape `OT1/ptm/bx/it' in size <20> not available
(Font)              Font shape `OT1/ptm/b/it' tried instead on input line 1090.

LaTeX Font Info:    Font shape `OT1/ptm/bx/n' in size <24> not available
(Font)              Font shape `OT1/ptm/b/n' tried instead on input line 1090.
LaTeX Font Info:    Font shape `OT1/ptm/bx/it' in size <24> not available
(Font)              Font shape `OT1/ptm/b/it' tried instead on input line 1090.

\IEEEquantizedlength=\dimen109
\IEEEquantizedlengthdiff=\dimen110
\IEEEquantizedtextheightdiff=\dimen111
\IEEEilabelindentA=\dimen112
\IEEEilabelindentB=\dimen113
\IEEEilabelindent=\dimen114
\IEEEelabelindent=\dimen115
\IEEEdlabelindent=\dimen116
\IEEElabelindent=\dimen117
\IEEEiednormlabelsep=\dimen118
\IEEEiedmathlabelsep=\dimen119
\IEEEiedtopsep=\skip41
\c@section=\count82
\c@subsection=\count83
\c@subsubsection=\count84
\c@paragraph=\count85
\c@IEEEsubequation=\count86
\abovecaptionskip=\skip42
\belowcaptionskip=\skip43
\c@figure=\count87
\c@table=\count88
\@IEEEeqnnumcols=\count89
\@IEEEeqncolcnt=\count90
\@IEEEsubeqnnumrollback=\count91
\@IEEEquantizeheightA=\dimen120
\@IEEEquantizeheightB=\dimen121
\@IEEEquantizeheightC=\dimen122
\@IEEEquantizeprevdepth=\dimen123
\@IEEEquantizemultiple=\count92
\@IEEEquantizeboxA=\box26
\@IEEEtmpitemindent=\dimen124
\IEEEPARstartletwidth=\dimen125
\c@IEEEbiography=\count93
\@IEEEtranrubishbin=\box27
) (C:\Users\Francesco\MikTeX\tex\latex\base\inputenc.sty
Package: inputenc 2015/03/17 v1.2c Input encoding file
\inpenc@prehook=\toks15
\inpenc@posthook=\toks16

(C:\Users\Francesco\MikTeX\tex\latex\base\utf8.def
File: utf8.def 2017/01/28 v1.1t UTF-8 support for inputenc
Now handling font encoding OML ...
... no UTF-8 mapping file for font encoding OML
Now handling font encoding T1 ...
... processing UTF-8 mapping file for font encoding T1

(C:\Users\Francesco\MikTeX\tex\latex\base\t1enc.dfu
File: t1enc.dfu 2017/01/28 v1.1t UTF-8 support for inputenc
   defining Unicode char U+00A0 (decimal 160)
   defining Unicode char U+00A1 (decimal 161)
   defining Unicode char U+00A3 (decimal 163)
   defining Unicode char U+00AB (decimal 171)
   defining Unicode char U+00AD (decimal 173)
   defining Unicode char U+00BB (decimal 187)
   defining Unicode char U+00BF (decimal 191)
   defining Unicode char U+00C0 (decimal 192)
   defining Unicode char U+00C1 (decimal 193)
   defining Unicode char U+00C2 (decimal 194)
   defining Unicode char U+00C3 (decimal 195)
   defining Unicode char U+00C4 (decimal 196)
   defining Unicode char U+00C5 (decimal 197)
   defining Unicode char U+00C6 (decimal 198)
   defining Unicode char U+00C7 (decimal 199)
   defining Unicode char U+00C8 (decimal 200)
   defining Unicode char U+00C9 (decimal 201)
   defining Unicode char U+00CA (decimal 202)
   defining Unicode char U+00CB (decimal 203)
   defining Unicode char U+00CC (decimal 204)
   defining Unicode char U+00CD (decimal 205)
   defining Unicode char U+00CE (decimal 206)
   defining Unicode char U+00CF (decimal 207)
   defining Unicode char U+00D0 (decimal 208)
   defining Unicode char U+00D1 (decimal 209)
   defining Unicode char U+00D2 (decimal 210)
   defining Unicode char U+00D3 (decimal 211)
   defining Unicode char U+00D4 (decimal 212)
   defining Unicode char U+00D5 (decimal 213)
   defining Unicode char U+00D6 (decimal 214)
   defining Unicode char U+00D8 (decimal 216)
   defining Unicode char U+00D9 (decimal 217)
   defining Unicode char U+00DA (decimal 218)
   defining Unicode char U+00DB (decimal 219)
   defining Unicode char U+00DC (decimal 220)
   defining Unicode char U+00DD (decimal 221)
   defining Unicode char U+00DE (decimal 222)
   defining Unicode char U+00DF (decimal 223)
   defining Unicode char U+00E0 (decimal 224)
   defining Unicode char U+00E1 (decimal 225)
   defining Unicode char U+00E2 (decimal 226)
   defining Unicode char U+00E3 (decimal 227)
   defining Unicode char U+00E4 (decimal 228)
   defining Unicode char U+00E5 (decimal 229)
   defining Unicode char U+00E6 (decimal 230)
   defining Unicode char U+00E7 (decimal 231)
   defining Unicode char U+00E8 (decimal 232)
   defining Unicode char U+00E9 (decimal 233)
   defining Unicode char U+00EA (decimal 234)
   defining Unicode char U+00EB (decimal 235)
   defining Unicode char U+00EC (decimal 236)
   defining Unicode char U+00ED (decimal 237)
   defining Unicode char U+00EE (decimal 238)
   defining Unicode char U+00EF (decimal 239)
   defining Unicode char U+00F0 (decimal 240)
   defining Unicode char U+00F1 (decimal 241)
   defining Unicode char U+00F2 (decimal 242)
   defining Unicode char U+00F3 (decimal 243)
   defining Unicode char U+00F4 (decimal 244)
   defining Unicode char U+00F5 (decimal 245)
   defining Unicode char U+00F6 (decimal 246)
   defining Unicode char U+00F8 (decimal 248)
   defining Unicode char U+00F9 (decimal 249)
   defining Unicode char U+00FA (decimal 250)
   defining Unicode char U+00FB (decimal 251)
   defining Unicode char U+00FC (decimal 252)
   defining Unicode char U+00FD (decimal 253)
   defining Unicode char U+00FE (decimal 254)
   defining Unicode char U+00FF (decimal 255)
   defining Unicode char U+0100 (decimal 256)
   defining Unicode char U+0101 (decimal 257)
   defining Unicode char U+0102 (decimal 258)
   defining Unicode char U+0103 (decimal 259)
   defining Unicode char U+0104 (decimal 260)
   defining Unicode char U+0105 (decimal 261)
   defining Unicode char U+0106 (decimal 262)
   defining Unicode char U+0107 (decimal 263)
   defining Unicode char U+0108 (decimal 264)
   defining Unicode char U+0109 (decimal 265)
   defining Unicode char U+010A (decimal 266)
   defining Unicode char U+010B (decimal 267)
   defining Unicode char U+010C (decimal 268)
   defining Unicode char U+010D (decimal 269)
   defining Unicode char U+010E (decimal 270)
   defining Unicode char U+010F (decimal 271)
   defining Unicode char U+0110 (decimal 272)
   defining Unicode char U+0111 (decimal 273)
   defining Unicode char U+0112 (decimal 274)
   defining Unicode char U+0113 (decimal 275)
   defining Unicode char U+0114 (decimal 276)
   defining Unicode char U+0115 (decimal 277)
   defining Unicode char U+0116 (decimal 278)
   defining Unicode char U+0117 (decimal 279)
   defining Unicode char U+0118 (decimal 280)
   defining Unicode char U+0119 (decimal 281)
   defining Unicode char U+011A (decimal 282)
   defining Unicode char U+011B (decimal 283)
   defining Unicode char U+011C (decimal 284)
   defining Unicode char U+011D (decimal 285)
   defining Unicode char U+011E (decimal 286)
   defining Unicode char U+011F (decimal 287)
   defining Unicode char U+0120 (decimal 288)
   defining Unicode char U+0121 (decimal 289)
   defining Unicode char U+0122 (decimal 290)
   defining Unicode char U+0123 (decimal 291)
   defining Unicode char U+0124 (decimal 292)
   defining Unicode char U+0125 (decimal 293)
   defining Unicode char U+0128 (decimal 296)
   defining Unicode char U+0129 (decimal 297)
   defining Unicode char U+012A (decimal 298)
   defining Unicode char U+012B (decimal 299)
   defining Unicode char U+012C (decimal 300)
   defining Unicode char U+012D (decimal 301)
   defining Unicode char U+012E (decimal 302)
   defining Unicode char U+012F (decimal 303)
   defining Unicode char U+0130 (decimal 304)
   defining Unicode char U+0131 (decimal 305)
   defining Unicode char U+0132 (decimal 306)
   defining Unicode char U+0133 (decimal 307)
   defining Unicode char U+0134 (decimal 308)
   defining Unicode char U+0135 (decimal 309)
   defining Unicode char U+0136 (decimal 310)
   defining Unicode char U+0137 (decimal 311)
   defining Unicode char U+0139 (decimal 313)
   defining Unicode char U+013A (decimal 314)
   defining Unicode char U+013B (decimal 315)
   defining Unicode char U+013C (decimal 316)
   defining Unicode char U+013D (decimal 317)
   defining Unicode char U+013E (decimal 318)
   defining Unicode char U+0141 (decimal 321)
   defining Unicode char U+0142 (decimal 322)
   defining Unicode char U+0143 (decimal 323)
   defining Unicode char U+0144 (decimal 324)
   defining Unicode char U+0145 (decimal 325)
   defining Unicode char U+0146 (decimal 326)
   defining Unicode char U+0147 (decimal 327)
   defining Unicode char U+0148 (decimal 328)
   defining Unicode char U+014A (decimal 330)
   defining Unicode char U+014B (decimal 331)
   defining Unicode char U+014C (decimal 332)
   defining Unicode char U+014D (decimal 333)
   defining Unicode char U+014E (decimal 334)
   defining Unicode char U+014F (decimal 335)
   defining Unicode char U+0150 (decimal 336)
   defining Unicode char U+0151 (decimal 337)
   defining Unicode char U+0152 (decimal 338)
   defining Unicode char U+0153 (decimal 339)
   defining Unicode char U+0154 (decimal 340)
   defining Unicode char U+0155 (decimal 341)
   defining Unicode char U+0156 (decimal 342)
   defining Unicode char U+0157 (decimal 343)
   defining Unicode char U+0158 (decimal 344)
   defining Unicode char U+0159 (decimal 345)
   defining Unicode char U+015A (decimal 346)
   defining Unicode char U+015B (decimal 347)
   defining Unicode char U+015C (decimal 348)
   defining Unicode char U+015D (decimal 349)
   defining Unicode char U+015E (decimal 350)
   defining Unicode char U+015F (decimal 351)
   defining Unicode char U+0160 (decimal 352)
   defining Unicode char U+0161 (decimal 353)
   defining Unicode char U+0162 (decimal 354)
   defining Unicode char U+0163 (decimal 355)
   defining Unicode char U+0164 (decimal 356)
   defining Unicode char U+0165 (decimal 357)
   defining Unicode char U+0168 (decimal 360)
   defining Unicode char U+0169 (decimal 361)
   defining Unicode char U+016A (decimal 362)
   defining Unicode char U+016B (decimal 363)
   defining Unicode char U+016C (decimal 364)
   defining Unicode char U+016D (decimal 365)
   defining Unicode char U+016E (decimal 366)
   defining Unicode char U+016F (decimal 367)
   defining Unicode char U+0170 (decimal 368)
   defining Unicode char U+0171 (decimal 369)
   defining Unicode char U+0172 (decimal 370)
   defining Unicode char U+0173 (decimal 371)
   defining Unicode char U+0174 (decimal 372)
   defining Unicode char U+0175 (decimal 373)
   defining Unicode char U+0176 (decimal 374)
   defining Unicode char U+0177 (decimal 375)
   defining Unicode char U+0178 (decimal 376)
   defining Unicode char U+0179 (decimal 377)
   defining Unicode char U+017A (decimal 378)
   defining Unicode char U+017B (decimal 379)
   defining Unicode char U+017C (decimal 380)
   defining Unicode char U+017D (decimal 381)
   defining Unicode char U+017E (decimal 382)
   defining Unicode char U+01CD (decimal 461)
   defining Unicode char U+01CE (decimal 462)
   defining Unicode char U+01CF (decimal 463)
   defining Unicode char U+01D0 (decimal 464)
   defining Unicode char U+01D1 (decimal 465)
   defining Unicode char U+01D2 (decimal 466)
   defining Unicode char U+01D3 (decimal 467)
   defining Unicode char U+01D4 (decimal 468)
   defining Unicode char U+01E2 (decimal 482)
   defining Unicode char U+01E3 (decimal 483)
   defining Unicode char U+01E6 (decimal 486)
   defining Unicode char U+01E7 (decimal 487)
   defining Unicode char U+01E8 (decimal 488)
   defining Unicode char U+01E9 (decimal 489)
   defining Unicode char U+01EA (decimal 490)
   defining Unicode char U+01EB (decimal 491)
   defining Unicode char U+01F0 (decimal 496)
   defining Unicode char U+01F4 (decimal 500)
   defining Unicode char U+01F5 (decimal 501)
   defining Unicode char U+0218 (decimal 536)
   defining Unicode char U+0219 (decimal 537)
   defining Unicode char U+021A (decimal 538)
   defining Unicode char U+021B (decimal 539)
   defining Unicode char U+0232 (decimal 562)
   defining Unicode char U+0233 (decimal 563)
   defining Unicode char U+1E02 (decimal 7682)
   defining Unicode char U+1E03 (decimal 7683)
   defining Unicode char U+200C (decimal 8204)
   defining Unicode char U+2010 (decimal 8208)
   defining Unicode char U+2011 (decimal 8209)
   defining Unicode char U+2012 (decimal 8210)
   defining Unicode char U+2013 (decimal 8211)
   defining Unicode char U+2014 (decimal 8212)
   defining Unicode char U+2015 (decimal 8213)
   defining Unicode char U+2018 (decimal 8216)
   defining Unicode char U+2019 (decimal 8217)
   defining Unicode char U+201A (decimal 8218)
   defining Unicode char U+201C (decimal 8220)
   defining Unicode char U+201D (decimal 8221)
   defining Unicode char U+201E (decimal 8222)
   defining Unicode char U+2030 (decimal 8240)
   defining Unicode char U+2031 (decimal 8241)
   defining Unicode char U+2039 (decimal 8249)
   defining Unicode char U+203A (decimal 8250)
   defining Unicode char U+2423 (decimal 9251)
   defining Unicode char U+1E20 (decimal 7712)
   defining Unicode char U+1E21 (decimal 7713)
)
Now handling font encoding OT1 ...
... processing UTF-8 mapping file for font encoding OT1

(C:\Users\Francesco\MikTeX\tex\latex\base\ot1enc.dfu
File: ot1enc.dfu 2017/01/28 v1.1t UTF-8 support for inputenc
   defining Unicode char U+00A0 (decimal 160)
   defining Unicode char U+00A1 (decimal 161)
   defining Unicode char U+00A3 (decimal 163)
   defining Unicode char U+00AD (decimal 173)
   defining Unicode char U+00B8 (decimal 184)
   defining Unicode char U+00BF (decimal 191)
   defining Unicode char U+00C5 (decimal 197)
   defining Unicode char U+00C6 (decimal 198)
   defining Unicode char U+00D8 (decimal 216)
   defining Unicode char U+00DF (decimal 223)
   defining Unicode char U+00E6 (decimal 230)
   defining Unicode char U+00EC (decimal 236)
   defining Unicode char U+00ED (decimal 237)
   defining Unicode char U+00EE (decimal 238)
   defining Unicode char U+00EF (decimal 239)
   defining Unicode char U+00F8 (decimal 248)
   defining Unicode char U+0131 (decimal 305)
   defining Unicode char U+0141 (decimal 321)
   defining Unicode char U+0142 (decimal 322)
   defining Unicode char U+0152 (decimal 338)
   defining Unicode char U+0153 (decimal 339)
   defining Unicode char U+0174 (decimal 372)
   defining Unicode char U+0175 (decimal 373)
   defining Unicode char U+0176 (decimal 374)
   defining Unicode char U+0177 (decimal 375)
   defining Unicode char U+0218 (decimal 536)
   defining Unicode char U+0219 (decimal 537)
   defining Unicode char U+021A (decimal 538)
   defining Unicode char U+021B (decimal 539)
   defining Unicode char U+2013 (decimal 8211)
   defining Unicode char U+2014 (decimal 8212)
   defining Unicode char U+2018 (decimal 8216)
   defining Unicode char U+2019 (decimal 8217)
   defining Unicode char U+201C (decimal 8220)
   defining Unicode char U+201D (decimal 8221)
)
Now handling font encoding OMS ...
... processing UTF-8 mapping file for font encoding OMS

(C:\Users\Francesco\MikTeX\tex\latex\base\omsenc.dfu
File: omsenc.dfu 2017/01/28 v1.1t UTF-8 support for inputenc
   defining Unicode char U+00A7 (decimal 167)
   defining Unicode char U+00B6 (decimal 182)
   defining Unicode char U+00B7 (decimal 183)
   defining Unicode char U+2020 (decimal 8224)
   defining Unicode char U+2021 (decimal 8225)
   defining Unicode char U+2022 (decimal 8226)
)
Now handling font encoding OMX ...
... no UTF-8 mapping file for font encoding OMX
Now handling font encoding U ...
... no UTF-8 mapping file for font encoding U
   defining Unicode char U+00A9 (decimal 169)
   defining Unicode char U+00AA (decimal 170)
   defining Unicode char U+00AE (decimal 174)
   defining Unicode char U+00BA (decimal 186)
   defining Unicode char U+02C6 (decimal 710)
   defining Unicode char U+02DC (decimal 732)
   defining Unicode char U+200C (decimal 8204)
   defining Unicode char U+2026 (decimal 8230)
   defining Unicode char U+2122 (decimal 8482)
   defining Unicode char U+2423 (decimal 9251)
))
(C:\Users\Francesco\MikTeX\tex\latex\framed\framed.sty
Package: framed 2011/10/22 v 0.96: framed or shaded text with page breaks
\OuterFrameSep=\skip44
\fb@frw=\dimen126
\fb@frh=\dimen127
\FrameRule=\dimen128
\FrameSep=\dimen129
)
(C:\Users\Francesco\MikTeX\tex\latex\algorithm2e\algorithm2e.sty
Package: algorithm2e 2017/07/18 v5.2 algorithms environments
\c@AlgoLine=\count94

(C:\Users\Francesco\MikTeX\tex\latex\base\ifthen.sty
Package: ifthen 2014/09/29 v1.1c Standard LaTeX ifthen package (DPC)
)
\algocf@hangindent=\skip45

(C:\Users\Francesco\MikTeX\tex\latex\ifoddpage\ifoddpage.sty
Package: ifoddpage 2016/04/23 v1.1 Conditionals for odd/even page detection
\c@checkoddpage=\count95
)
(C:\Users\Francesco\MikTeX\tex\latex\tools\xspace.sty
Package: xspace 2014/10/28 v1.13 Space after command names (DPC,MH)
)
(C:\Users\Francesco\MikTeX\tex\latex\ltxmisc\relsize.sty
Package: relsize 2003/07/04 ver 3.1
)
\skiptotal=\skip46
\skiplinenumber=\skip47
\skiprule=\skip48
\skiphlne=\skip49
\skiptext=\skip50
\skiplength=\skip51
\algomargin=\skip52
\skipalgocfslide=\skip53
\algowidth=\dimen130
\inoutsize=\dimen131
\inoutindent=\dimen132
\interspacetitleruled=\dimen133
\interspacealgoruled=\dimen134
\interspacetitleboxruled=\dimen135
\algocf@ruledwidth=\skip54
\algocf@inoutbox=\box28
\algocf@inputbox=\box29
\AlCapSkip=\skip55
\AlCapHSkip=\skip56
\algoskipindent=\skip57
\algocf@nlbox=\box30
\algocf@hangingbox=\box31
\algocf@untilbox=\box32
\algocf@skipuntil=\skip58
\algocf@capbox=\box33
\algocf@lcaptionbox=\skip59
\algoheightruledefault=\skip60
\algoheightrule=\skip61
\algotitleheightruledefault=\skip62
\algotitleheightrule=\skip63
\c@algocfline=\count96
\c@algocfproc=\count97
\c@algocf=\count98
\algocf@algoframe=\box34
\algocf@algobox=\box35
)
(C:\Users\Francesco\MikTeX\tex\latex\algorithms\algorithmic.sty
Package: algorithmic 2009/08/24 v0.1 Document Style `algorithmic'

(C:\Users\Francesco\MikTeX\tex\latex\graphics\keyval.sty
Package: keyval 2014/10/28 v1.15 key=value parser (DPC)
\KV@toks@=\toks17
)
\c@ALC@unique=\count99
\c@ALC@line=\count100
\c@ALC@rem=\count101
\c@ALC@depth=\count102
\ALC@tlm=\skip64
\algorithmicindent=\skip65
)
(C:\Users\Francesco\MikTeX\tex\latex\float\float.sty
Package: float 2001/11/08 v1.3d Float enhancements (AL)
\c@float@type=\count103
\float@exts=\toks18
\float@box=\box36
\@float@everytoks=\toks19
\@floatcapt=\box37
)
(C:\Users\Francesco\MikTeX\tex\latex\amsmath\amsmath.sty
Package: amsmath 2017/09/02 v2.17a AMS math features
\@mathmargin=\skip66

For additional information on amsmath, use the `?' option.
(C:\Users\Francesco\MikTeX\tex\latex\amsmath\amstext.sty
Package: amstext 2000/06/29 v2.01 AMS text

(C:\Users\Francesco\MikTeX\tex\latex\amsmath\amsgen.sty
File: amsgen.sty 1999/11/30 v2.0 generic functions
\@emptytoks=\toks20
\ex@=\dimen136
))
(C:\Users\Francesco\MikTeX\tex\latex\amsmath\amsbsy.sty
Package: amsbsy 1999/11/29 v1.2d Bold Symbols
\pmbraise@=\dimen137
)
(C:\Users\Francesco\MikTeX\tex\latex\amsmath\amsopn.sty
Package: amsopn 2016/03/08 v2.02 operator names
)
\inf@bad=\count104
LaTeX Info: Redefining \frac on input line 213.
\uproot@=\count105
\leftroot@=\count106
LaTeX Info: Redefining \overline on input line 375.
\classnum@=\count107
\DOTSCASE@=\count108
LaTeX Info: Redefining \ldots on input line 472.
LaTeX Info: Redefining \dots on input line 475.
LaTeX Info: Redefining \cdots on input line 596.
\Mathstrutbox@=\box38
\strutbox@=\box39
\big@size=\dimen138
LaTeX Font Info:    Redeclaring font encoding OML on input line 712.
LaTeX Font Info:    Redeclaring font encoding OMS on input line 713.
\macc@depth=\count109
\c@MaxMatrixCols=\count110
\dotsspace@=\muskip10
\c@parentequation=\count111
\dspbrk@lvl=\count112
\tag@help=\toks21
\row@=\count113
\column@=\count114
\maxfields@=\count115
\andhelp@=\toks22
\eqnshift@=\dimen139
\alignsep@=\dimen140
\tagshift@=\dimen141
\tagwidth@=\dimen142
\totwidth@=\dimen143
\lineht@=\dimen144
\@envbody=\toks23
\multlinegap=\skip67
\multlinetaggap=\skip68
\mathdisplay@stack=\toks24
LaTeX Info: Redefining \[ on input line 2817.
LaTeX Info: Redefining \] on input line 2818.
)
(C:\Users\Francesco\MikTeX\tex\latex\amscls\amsthm.sty
Package: amsthm 2017/10/31 v2.20.4
\thm@style=\toks25
\thm@bodyfont=\toks26
\thm@headfont=\toks27
\thm@notefont=\toks28
\thm@headpunct=\toks29
\thm@preskip=\skip69
\thm@postskip=\skip70
\thm@headsep=\skip71
\dth@everypar=\toks30
)
(C:\Users\Francesco\MikTeX\tex\latex\amsfonts\amsfonts.sty
Package: amsfonts 2013/01/14 v3.01 Basic AMSFonts support
\symAMSa=\mathgroup4
\symAMSb=\mathgroup5
LaTeX Font Info:    Overwriting math alphabet `\mathfrak' in version `bold'
(Font)                  U/euf/m/n --> U/euf/b/n on input line 106.
)
(C:\Users\Francesco\MikTeX\tex\latex\amsfonts\amssymb.sty
Package: amssymb 2013/01/14 v3.01 AMS font symbols
)
(C:\Users\Francesco\MikTeX\tex\latex\tools\bm.sty
Package: bm 2017/01/16 v1.2c Bold Symbol Support (DPC/FMi)
\symboldoperators=\mathgroup6
\symboldletters=\mathgroup7
\symboldsymbols=\mathgroup8
LaTeX Font Info:    Redeclaring math alphabet \mathbf on input line 141.
LaTeX Info: Redefining \bm on input line 207.
)
(C:\Users\Francesco\MikTeX\tex\latex\tools\array.sty
Package: array 2016/10/06 v2.4d Tabular extension package (FMi)
\col@sep=\dimen145
\extrarowheight=\dimen146
\NC@list=\toks31
\extratabsurround=\skip72
\backup@length=\skip73
)
(C:\Users\Francesco\MikTeX\tex\latex\soul\soul.sty
Package: soul 2003/11/17 v2.4 letterspacing/underlining (mf)
\SOUL@word=\toks32
\SOUL@lasttoken=\toks33
\SOUL@cmds=\toks34
\SOUL@buffer=\toks35
\SOUL@token=\toks36
\SOUL@spaceskip=\skip74
\SOUL@ttwidth=\dimen147
\SOUL@uldp=\dimen148
\SOUL@ulht=\dimen149
)
(C:\Users\Francesco\MikTeX\tex\latex\graphics\color.sty
Package: color 2016/07/10 v1.1e Standard LaTeX Color (DPC)

(C:\Users\Francesco\MikTeX\tex\latex\graphics-cfg\color.cfg
File: color.cfg 2016/01/02 v1.6 sample color configuration
)
Package color Info: Driver file: pdftex.def on input line 147.

(C:\Users\Francesco\MikTeX\tex\latex\graphics-def\pdftex.def
File: pdftex.def 2018/01/08 v1.0l Graphics/color driver for pdftex
))
(C:\Users\Francesco\MikTeX\tex\latex\glossaries\base\glossaries.sty
Package: glossaries 2018/06/01 v4.40 (NLCT)

(C:\Users\Francesco\MikTeX\tex\latex\xkeyval\xkeyval.sty
Package: xkeyval 2014/12/03 v2.7a package option processing (HA)

(C:\Users\Francesco\MikTeX\tex\generic\xkeyval\xkeyval.tex
(C:\Users\Francesco\MikTeX\tex\generic\xkeyval\xkvutils.tex
\XKV@toks=\toks37
\XKV@tempa@toks=\toks38
)
\XKV@depth=\count116
File: xkeyval.tex 2014/12/03 v2.7a key=value parser (HA)
))
(C:\Users\Francesco\MikTeX\tex\latex\mfirstuc\mfirstuc.sty
Package: mfirstuc 2017/11/14 v2.06 (NLCT)

(C:\Users\Francesco\MikTeX\tex\latex\etoolbox\etoolbox.sty
Package: etoolbox 2018/02/11 v2.5e e-TeX tools for LaTeX (JAW)
\etb@tempcnta=\count117
)
\@glsmfirst=\toks39
\@glsmrest=\toks40
)
(C:\Users\Francesco\MikTeX\tex\latex\textcase\textcase.sty
Package: textcase 2004/10/07 v0.07 Text only upper/lower case changing (DPC)
)
(C:\Users\Francesco\MikTeX\tex\latex\xfor\xfor.sty
Package: xfor 2009/02/05 v1.05 (NLCT)
)
(C:\Users\Francesco\MikTeX\tex\latex\datatool\datatool-base.sty
Package: datatool-base 2018/04/16 v2.30 (NLCT)

(C:\Users\Francesco\MikTeX\tex\latex\substr\substr.sty
Package: substr 2009/10/20 v1.2 Handle substrings
\c@su@anzahl=\count118
)
(C:\Users\Francesco\MikTeX\tex\latex\datatool\datatool-fp.sty
Package: datatool-fp 2018/04/16 v2.30 (NLCT)

(C:\Users\Francesco\MikTeX\tex\latex\fp\fp.sty
Package: fp 1995/04/02

`Fixed Point Package', Version 0.8, April 2, 1995 (C) Michael Mehlich
(C:\Users\Francesco\MikTeX\tex\latex\fp\defpattern.sty
Package: defpattern 1994/10/12
\actioncount=\count119
)
(C:\Users\Francesco\MikTeX\tex\latex\fp\fp-basic.sty
Package: fp-basic 1996/05/13
\FP@xs=\count120
\FP@xia=\count121
\FP@xib=\count122
\FP@xfa=\count123
\FP@xfb=\count124
\FP@rega=\count125
\FP@regb=\count126
\FP@regs=\count127
\FP@times=\count128
)
(C:\Users\Francesco\MikTeX\tex\latex\fp\fp-addons.sty
Package: fp-addons 1995/03/15
)
(C:\Users\Francesco\MikTeX\tex\latex\fp\fp-snap.sty
Package: fp-snap 1995/04/05
)
(C:\Users\Francesco\MikTeX\tex\latex\fp\fp-exp.sty
Package: fp-exp 1995/04/03
)
(C:\Users\Francesco\MikTeX\tex\latex\fp\fp-trigo.sty
Package: fp-trigo 1995/04/14
)
(C:\Users\Francesco\MikTeX\tex\latex\fp\fp-pas.sty
Package: fp-pas 1994/08/29
)
(C:\Users\Francesco\MikTeX\tex\latex\fp\fp-random.sty
Package: fp-random 1995/02/23
\FPseed=\count129
)
(C:\Users\Francesco\MikTeX\tex\latex\fp\fp-eqn.sty
Package: fp-eqn 1995/04/03
)
(C:\Users\Francesco\MikTeX\tex\latex\fp\fp-upn.sty
Package: fp-upn 1996/10/21
)
(C:\Users\Francesco\MikTeX\tex\latex\fp\fp-eval.sty
Package: fp-eval 1995/04/03
)))
\@dtl@toks=\toks41
\@dtl@tmpcount=\count130
\dtl@tmplength=\skip75
\dtl@sortresult=\count131
\@dtl@numgrpsepcount=\count132
\@dtl@datatype=\count133
\dtl@codeA=\count134
\dtl@codeB=\count135
\@dtl@foreach@level=\count136
)
(C:\Users\Francesco\MikTeX\tex\latex\glossaries\base\glossaries-compatible-307.
sty
Package: glossaries-compatible-307 2018/06/01 v4.40 (NLCT)
)
\gls@level=\count137
\@gls@tmpb=\toks42
\gls@tmplen=\skip76
\glskeylisttok=\toks43
\glslabeltok=\toks44
\glsshorttok=\toks45
\glslongtok=\toks46

(C:\Users\Francesco\MikTeX\tex\latex\glossaries\styles\glossary-hypernav.sty
Package: glossary-hypernav 2018/06/01 v4.40 (NLCT)
)
(C:\Users\Francesco\MikTeX\tex\latex\glossaries\styles\glossary-list.sty
Package: glossary-list 2018/06/01 v4.40 (NLCT)
\glslistdottedwidth=\skip77
)
(C:\Users\Francesco\MikTeX\tex\latex\glossaries\styles\glossary-long.sty
Package: glossary-long 2018/06/01 v4.40 (NLCT)

(C:\Users\Francesco\MikTeX\tex\latex\tools\longtable.sty
Package: longtable 2014/10/28 v4.11 Multi-page Table package (DPC)
\LTleft=\skip78
\LTright=\skip79
\LTpre=\skip80
\LTpost=\skip81
\LTchunksize=\count138
\LTcapwidth=\dimen150
\LT@head=\box40
\LT@firsthead=\box41
\LT@foot=\box42
\LT@lastfoot=\box43
\LT@cols=\count139
\LT@rows=\count140
\c@LT@tables=\count141
\c@LT@chunks=\count142
\LT@p@ftn=\toks47
)
\glsdescwidth=\skip82
\glspagelistwidth=\skip83
)
(C:\Users\Francesco\MikTeX\tex\latex\glossaries\styles\glossary-super.sty
Package: glossary-super 2018/06/01 v4.40 (NLCT)

(C:\Users\Francesco\MikTeX\tex\latex\supertabular\supertabular.sty
Package: supertabular 2004/02/20 v4.1e the supertabular environment
\c@tracingst=\count143
\ST@wd=\dimen151
\ST@rightskip=\skip84
\ST@leftskip=\skip85
\ST@parfillskip=\skip86
\ST@pageleft=\dimen152
\ST@headht=\dimen153
\ST@tailht=\dimen154
\ST@pagesofar=\dimen155
\ST@pboxht=\dimen156
\ST@lineht=\dimen157
\ST@stretchht=\dimen158
\ST@prevht=\dimen159
\ST@toadd=\dimen160
\ST@dimen=\dimen161
\ST@pbox=\box44
))
(C:\Users\Francesco\MikTeX\tex\latex\glossaries\styles\glossary-tree.sty
Package: glossary-tree 2018/06/01 v4.40 (NLCT)
\glstreeindent=\skip87
))
(C:\Users\Francesco\MikTeX\tex\latex\graphics\graphicx.sty
Package: graphicx 2017/06/01 v1.1a Enhanced LaTeX Graphics (DPC,SPQR)

(C:\Users\Francesco\MikTeX\tex\latex\graphics\graphics.sty
Package: graphics 2017/06/25 v1.2c Standard LaTeX Graphics (DPC,SPQR)

(C:\Users\Francesco\MikTeX\tex\latex\graphics\trig.sty
Package: trig 2016/01/03 v1.10 sin cos tan (DPC)
)
(C:\Users\Francesco\MikTeX\tex\latex\graphics-cfg\graphics.cfg
File: graphics.cfg 2016/06/04 v1.11 sample graphics configuration
)
Package graphics Info: Driver file: pdftex.def on input line 99.
)
\Gin@req@height=\dimen162
\Gin@req@width=\dimen163
)
(C:\Users\Francesco\MikTeX\tex\latex\comment\comment.sty
\CommentStream=\write3

Excluding comment 'comment')
(C:\Users\Francesco\MikTeX\tex\latex\setspace\setspace.sty
Package: setspace 2011/12/19 v6.7a set line spacing
)
(C:\Users\Francesco\MikTeX\tex\latex\enumitem\enumitem.sty
Package: enumitem 2011/09/28 v3.5.2 Customized lists
\labelindent=\skip88
\enit@outerparindent=\dimen164
\enit@toks=\toks48
\enit@inbox=\box45
\enitdp@description=\count144
)
(C:\Users\Francesco\MikTeX\tex\latex\booktabs\booktabs.sty
Package: booktabs 2005/04/14 v1.61803 publication quality tables
\heavyrulewidth=\dimen165
\lightrulewidth=\dimen166
\cmidrulewidth=\dimen167
\belowrulesep=\dimen168
\belowbottomsep=\dimen169
\aboverulesep=\dimen170
\abovetopsep=\dimen171
\cmidrulesep=\dimen172
\cmidrulekern=\dimen173
\defaultaddspace=\dimen174
\@cmidla=\count145
\@cmidlb=\count146
\@aboverulesep=\dimen175
\@belowrulesep=\dimen176
\@thisruleclass=\count147
\@lastruleclass=\count148
\@thisrulewidth=\dimen177
)
\glswrite=\write4
\glo@main@file=\write5
\openout5 = `main.glo'.

Package glossaries Info: Writing glossary file main.glo on input line 25.
\glo@acronym@file=\write6
\openout6 = `main.acn'.

Package glossaries Info: Writing glossary file main.acn on input line 25.

(C:\Users\Francesco\MikTeX\tex\latex\ulem\ulem.sty
\UL@box=\box46
\UL@hyphenbox=\box47
\UL@skip=\skip89
\UL@hook=\toks49
\UL@height=\dimen178
\UL@pe=\count149
\UL@pixel=\dimen179
\ULC@box=\box48
Package: ulem 2012/05/18
\ULdepth=\dimen180
)
(C:\Users\Francesco\MikTeX\tex\latex\oberdiek\zref.sty
Package: zref 2016/05/21 v2.26 A new reference scheme for LaTeX (HO)

(C:\Users\Francesco\MikTeX\tex\latex\oberdiek\zref-base.sty
Package: zref-base 2016/05/21 v2.26 Module base for zref (HO)

(C:\Users\Francesco\MikTeX\tex\generic\oberdiek\ltxcmds.sty
Package: ltxcmds 2016/05/16 v1.23 LaTeX kernel commands for general use (HO)
)
(C:\Users\Francesco\MikTeX\tex\generic\oberdiek\infwarerr.sty
Package: infwarerr 2016/05/16 v1.4 Providing info/warning/error messages (HO)
)
(C:\Users\Francesco\MikTeX\tex\generic\oberdiek\kvsetkeys.sty
Package: kvsetkeys 2016/05/16 v1.17 Key value parser (HO)

(C:\Users\Francesco\MikTeX\tex\generic\oberdiek\etexcmds.sty
Package: etexcmds 2016/05/16 v1.6 Avoid name clashes with e-TeX commands (HO)

(C:\Users\Francesco\MikTeX\tex\generic\oberdiek\ifluatex.sty
Package: ifluatex 2016/05/16 v1.4 Provides the ifluatex switch (HO)
Package ifluatex Info: LuaTeX not detected.
)
Package etexcmds Info: Could not find \expanded.
(etexcmds)             That can mean that you are not using pdfTeX 1.50 or
(etexcmds)             that some package has redefined \expanded.
(etexcmds)             In the latter case, load this package earlier.
))
(C:\Users\Francesco\MikTeX\tex\generic\oberdiek\kvdefinekeys.sty
Package: kvdefinekeys 2016/05/16 v1.4 Define keys (HO)
)
(C:\Users\Francesco\MikTeX\tex\generic\oberdiek\pdftexcmds.sty
Package: pdftexcmds 2018/01/21 v0.26 Utility functions of pdfTeX for LuaTeX (HO
)

(C:\Users\Francesco\MikTeX\tex\generic\oberdiek\ifpdf.sty
Package: ifpdf 2017/03/15 v3.2 Provides the ifpdf switch
)
Package pdftexcmds Info: LuaTeX not detected.
Package pdftexcmds Info: \pdf@primitive is available.
Package pdftexcmds Info: \pdf@ifprimitive is available.
Package pdftexcmds Info: \pdfdraftmode found.
)
(C:\Users\Francesco\MikTeX\tex\latex\oberdiek\auxhook.sty
Package: auxhook 2016/05/16 v1.4 Hooks for auxiliary files (HO)
)
Package zref Info: New property list: main on input line 759.
Package zref Info: New property: default on input line 760.
Package zref Info: New property: page on input line 761.
))
(C:\Users\Francesco\MikTeX\tex\latex\oberdiek\zref-user.sty
Package: zref-user 2016/05/21 v2.26 Module user for zref (HO)
)
\c@revc=\count150
Package zref Info: New property: revcontent on input line 68.
Package zref Info: New property: revsec on input line 69.
\c@theorem=\count151
\c@lemma=\count152
\c@corollary=\count153

(C:\Users\Francesco\MikTeX\tex\latex\biblatex\biblatex.sty
Package: biblatex 2018/03/04 v3.11 programmable bibliographies (PK/MW)

(C:\Users\Francesco\MikTeX\tex\latex\oberdiek\kvoptions.sty
Package: kvoptions 2016/05/16 v3.12 Key value format for package options (HO)
)
(C:\Users\Francesco\MikTeX\tex\latex\logreq\logreq.sty
Package: logreq 2010/08/04 v1.0 xml request logger
\lrq@indent=\count154

(C:\Users\Francesco\MikTeX\tex\latex\logreq\logreq.def
File: logreq.def 2010/08/04 v1.0 logreq spec v1.0
))
(C:\Users\Francesco\MikTeX\tex\latex\url\url.sty
\Urlmuskip=\muskip11
Package: url 2013/09/16  ver 3.4  Verb mode for urls, etc.
)
(C:\Users\Francesco\MikTeX\tex\latex\xstring\xstring.sty
(C:\Users\Francesco\MikTeX\tex\generic\xstring\xstring.tex
\@xs@message=\write7
\integerpart=\count155
\decimalpart=\count156
)
Package: xstring 2013/10/13  v1.7c  String manipulations (C Tellechea)
)
\c@tabx@nest=\count157
\c@listtotal=\count158
\c@listcount=\count159
\c@liststart=\count160
\c@liststop=\count161
\c@citecount=\count162
\c@citetotal=\count163
\c@multicitecount=\count164
\c@multicitetotal=\count165
\c@instcount=\count166
\c@maxnames=\count167
\c@minnames=\count168
\c@maxitems=\count169
\c@minitems=\count170
\c@citecounter=\count171
\c@savedcitecounter=\count172
\c@uniquelist=\count173
\c@uniquename=\count174
\c@refsection=\count175
\c@refsegment=\count176
\c@maxextratitle=\count177
\c@maxextratitleyear=\count178
\c@maxextradate=\count179
\c@maxextraalpha=\count180
\c@abbrvpenalty=\count181
\c@highnamepenalty=\count182
\c@lownamepenalty=\count183
\c@maxparens=\count184
\c@parenlevel=\count185
\blx@tempcnta=\count186
\blx@tempcntb=\count187
\blx@tempcntc=\count188
\blx@maxsection=\count189
\blx@maxsegment@0=\count190
\blx@notetype=\count191
\blx@parenlevel@text=\count192
\blx@parenlevel@foot=\count193
\blx@sectionciteorder@0=\count194
\labelnumberwidth=\skip90
\labelalphawidth=\skip91
\biblabelsep=\skip92
\bibitemsep=\skip93
\bibnamesep=\skip94
\bibinitsep=\skip95
\bibparsep=\skip96
\bibhang=\skip97
\blx@bcfin=\read1
\blx@bcfout=\write8
\c@mincomprange=\count195
\c@maxcomprange=\count196
\c@mincompwidth=\count197
Package biblatex Info: Trying to load biblatex default data model...
Package biblatex Info: ... file 'blx-dm.def' found.

(C:\Users\Francesco\MikTeX\tex\latex\biblatex\blx-dm.def
File: blx-dm.def 2018/03/04 v3.11 biblatex localization (PK/MW)
)
Package biblatex Info: Trying to load biblatex style data model...
Package biblatex Info: ... file 'ieee.dbx' not found.
Package biblatex Info: Trying to load biblatex custom data model...
Package biblatex Info: ... file 'biblatex-dm.cfg' not found.
\c@afterword=\count198
\c@savedafterword=\count199
\c@annotator=\count266
\c@savedannotator=\count267
\c@author=\count268
\c@savedauthor=\count269
\c@bookauthor=\count270
\c@savedbookauthor=\count271
\c@commentator=\count272
\c@savedcommentator=\count273
\c@editor=\count274
\c@savededitor=\count275
\c@editora=\count276
\c@savededitora=\count277
\c@editorb=\count278
\c@savededitorb=\count279
\c@editorc=\count280
\c@savededitorc=\count281
\c@foreword=\count282
\c@savedforeword=\count283
\c@holder=\count284
\c@savedholder=\count285
\c@introduction=\count286
\c@savedintroduction=\count287
\c@namea=\count288
\c@savednamea=\count289
\c@nameb=\count290
\c@savednameb=\count291
\c@namec=\count292
\c@savednamec=\count293
\c@translator=\count294
\c@savedtranslator=\count295
\c@shortauthor=\count296
\c@savedshortauthor=\count297
\c@shorteditor=\count298
\c@savedshorteditor=\count299
\c@labelname=\count300
\c@savedlabelname=\count301
\c@institution=\count302
\c@savedinstitution=\count303
\c@lista=\count304
\c@savedlista=\count305
\c@listb=\count306
\c@savedlistb=\count307
\c@listc=\count308
\c@savedlistc=\count309
\c@listd=\count310
\c@savedlistd=\count311
\c@liste=\count312
\c@savedliste=\count313
\c@listf=\count314
\c@savedlistf=\count315
\c@location=\count316
\c@savedlocation=\count317
\c@organization=\count318
\c@savedorganization=\count319
\c@origlocation=\count320
\c@savedoriglocation=\count321
\c@origpublisher=\count322
\c@savedorigpublisher=\count323
\c@publisher=\count324
\c@savedpublisher=\count325
\c@language=\count326
\c@savedlanguage=\count327
\c@origlanguage=\count328
\c@savedoriglanguage=\count329
\c@pageref=\count330
\c@savedpageref=\count331
\shorthandwidth=\skip98
\shortjournalwidth=\skip99
\shortserieswidth=\skip100
\shorttitlewidth=\skip101
\shortauthorwidth=\skip102
\shorteditorwidth=\skip103
\locallabelnumberwidth=\skip104
\locallabelalphawidth=\skip105
\localshorthandwidth=\skip106
\localshortjournalwidth=\skip107
\localshortserieswidth=\skip108
\localshorttitlewidth=\skip109
\localshortauthorwidth=\skip110
\localshorteditorwidth=\skip111
Package biblatex Info: Trying to load compatibility code...
Package biblatex Info: ... file 'blx-compat.def' found.

(C:\Users\Francesco\MikTeX\tex\latex\biblatex\blx-compat.def
File: blx-compat.def 2018/03/04 v3.11 biblatex compatibility (PK/MW)
)
Package biblatex Info: Trying to load BibTeX backend compatibility...
Package biblatex Info: ... file 'blx-bibtex.def' found.

(C:\Users\Francesco\MikTeX\tex\latex\biblatex\blx-bibtex.def
File: blx-bibtex.def 2018/03/04 v3.11 biblatex compatibility (PK/MW)


Package biblatex Warning: Using fall-back BibTeX(8) backend:
(biblatex)                functionality may be reduced/unavailable.

)
Package biblatex Info: Trying to load generic definitions...
Package biblatex Info: ... file 'biblatex.def' found.
 (C:\Users\Francesco\MikTeX\tex\latex\biblatex\biblatex.def
File: biblatex.def 2018/03/04 v3.11 biblatex compatibility (PK/MW)
\c@textcitecount=\count332
\c@textcitetotal=\count333
\c@textcitemaxnames=\count334
\c@biburlnumpenalty=\count335
\c@biburlucpenalty=\count336
\c@biburllcpenalty=\count337
\c@smartand=\count338
)
Package biblatex Info: Trying to load bibliography style 'ieee'...
Package biblatex Info: ... file 'ieee.bbx' found.

(C:\Users\Francesco\MikTeX\tex\latex\biblatex-ieee\ieee.bbx
File: ieee.bbx 2017/03/27 v1.2d biblatex bibliography style
Package biblatex Info: Trying to load bibliography style 'numeric-comp'...
Package biblatex Info: ... file 'numeric-comp.bbx' found.

(C:\Users\Francesco\MikTeX\tex\latex\biblatex\bbx\numeric-comp.bbx
File: numeric-comp.bbx 2018/03/04 v3.11 biblatex bibliography style (PK/MW)
Package biblatex Info: Trying to load bibliography style 'numeric'...
Package biblatex Info: ... file 'numeric.bbx' found.

(C:\Users\Francesco\MikTeX\tex\latex\biblatex\bbx\numeric.bbx
File: numeric.bbx 2018/03/04 v3.11 biblatex bibliography style (PK/MW)
Package biblatex Info: Trying to load bibliography style 'standard'...
Package biblatex Info: ... file 'standard.bbx' found.

(C:\Users\Francesco\MikTeX\tex\latex\biblatex\bbx\standard.bbx
File: standard.bbx 2018/03/04 v3.11 biblatex bibliography style (PK/MW)
\c@bbx:relatedcount=\count339
\c@bbx:relatedtotal=\count340
))))
Package biblatex Info: Trying to load citation style 'ieee'...
Package biblatex Info: ... file 'ieee.cbx' found.

(C:\Users\Francesco\MikTeX\tex\latex\biblatex-ieee\ieee.cbx
File: ieee.cbx 2017/03/27 v1.2d biblatex citation style
Package biblatex Info: Trying to load citation style 'numeric-comp'...
Package biblatex Info: ... file 'numeric-comp.cbx' found.

(C:\Users\Francesco\MikTeX\tex\latex\biblatex\cbx\numeric-comp.cbx
File: numeric-comp.cbx 2018/03/04 v3.11 biblatex citation style (PK/MW)
\c@cbx@tempcnta=\count341
\c@cbx@tempcntb=\count342
Package biblatex Info: Redefining '\cite'.
Package biblatex Info: Redefining '\parencite'.
Package biblatex Info: Redefining '\footcite'.
Package biblatex Info: Redefining '\footcitetext'.
Package biblatex Info: Redefining '\smartcite'.
Package biblatex Info: Redefining '\supercite'.
Package biblatex Info: Redefining '\textcite'.
Package biblatex Info: Redefining '\textcites'.
Package biblatex Info: Redefining '\cites'.
Package biblatex Info: Redefining '\parencites'.
Package biblatex Info: Redefining '\smartcites'.
)
Package biblatex Info: Redefining '\cite'.
Package biblatex Info: Redefining '\cites'.
)
Package biblatex Info: Trying to load configuration file...
Package biblatex Info: ... file 'biblatex.cfg' found.

(C:\Users\Francesco\MikTeX\tex\latex\biblatex\biblatex.cfg
File: biblatex.cfg 
))
Package biblatex Info: Trying to load language 'english'...
Package biblatex Info: ... file 'english.lbx' found.

(C:\Users\Francesco\MikTeX\tex\latex\biblatex\lbx\english.lbx
File: english.lbx 2018/03/04 v3.11 biblatex localization (PK/MW)
)
\@quotelevel=\count343
\@quotereset=\count344
 (main.aux)
\openout1 = `main.aux'.

LaTeX Font Info:    Checking defaults for OML/cmm/m/it on input line 120.
LaTeX Font Info:    ... okay on input line 120.
LaTeX Font Info:    Checking defaults for T1/cmr/m/n on input line 120.
LaTeX Font Info:    ... okay on input line 120.
LaTeX Font Info:    Checking defaults for OT1/cmr/m/n on input line 120.
LaTeX Font Info:    ... okay on input line 120.
LaTeX Font Info:    Checking defaults for OMS/cmsy/m/n on input line 120.
LaTeX Font Info:    ... okay on input line 120.
LaTeX Font Info:    Checking defaults for OMX/cmex/m/n on input line 120.
LaTeX Font Info:    ... okay on input line 120.
LaTeX Font Info:    Checking defaults for U/cmr/m/n on input line 120.
LaTeX Font Info:    ... okay on input line 120.

-- Lines per column: 58 (exact).
(C:\Users\Francesco\MikTeX\tex\context\base\supp-pdf.mkii
[Loading MPS to PDF converter (version 2006.09.02).]
\scratchcounter=\count345
\scratchdimen=\dimen181
\scratchbox=\box49
\nofMPsegments=\count346
\nofMParguments=\count347
\everyMPshowfont=\toks50
\MPscratchCnt=\count348
\MPscratchDim=\dimen182
\MPnumerator=\count349
\makeMPintoPDFobject=\count350
\everyMPtoPDFconversion=\toks51
) (C:\Users\Francesco\MikTeX\tex\latex\oberdiek\epstopdf-base.sty
Package: epstopdf-base 2016/05/15 v2.6 Base part for package epstopdf

(C:\Users\Francesco\MikTeX\tex\latex\oberdiek\grfext.sty
Package: grfext 2016/05/16 v1.2 Manage graphics extensions (HO)
)
Package epstopdf-base Info: Redefining graphics rule for `.eps' on input line 4
38.
Package grfext Info: Graphics extension search list:
(grfext)             [.pdf,.png,.jpg,.mps,.jpeg,.jbig2,.jb2,.PDF,.PNG,.JPG,.JPE
G,.JBIG2,.JB2,.eps]
(grfext)             \AppendGraphicsExtensions on input line 456.
)
Package biblatex Info: Input encoding 'utf8' detected.
Package biblatex Info: Automatic encoding selection.
(biblatex)             Assuming data encoding 'utf8'.
Package biblatex Info: Input encoding 'utf8' specified.
Package biblatex Info: Data encoding 'utf8' specified.
(biblatex)             No need to reencode data.
\openout8 = `main-blx.bib'.

Package biblatex Info: Trying to load bibliographic data...
Package biblatex Info: ... file 'main.bbl' found.
 (main.bbl)
Package biblatex Info: Reference section=0 on input line 120.
Package biblatex Info: Reference segment=0 on input line 120.

Underfull \hbox (badness 10000) in paragraph at lines 127--129
[]\OT1/ptm/b/it/9 Abstract\OT1/ptm/b/n/9 ---|   []   |   []   |   []
 []


Underfull \hbox (badness 2027) in paragraph at lines 127--129
|   []   |   []   |   []   |   []   |   []
 []


Underfull \hbox (badness 2073) in paragraph at lines 140--141
[]|   []   |   []   |   []   |   []   |   []   |   []
 []


Underfull \hbox (badness 1910) in paragraph at lines 140--141
|   []   |   []   |   []   |   []   |   []   |   []   |   []   |   []
 []


Underfull \hbox (badness 10000) in paragraph at lines 142--144
[]|   []   |   []   |   []   |   []   |   []   |   []   |   []
 []


Underfull \hbox (badness 10000) in paragraph at lines 142--144
|   []   |   []   |   []
 []


Underfull \hbox (badness 10000) in paragraph at lines 142--144
|   []   |   []   |   []
 []


Underfull \hbox (badness 2961) in paragraph at lines 142--144
|   []   |   []   |   []   |   []   |   []   |   []
 []


Underfull \hbox (badness 2573) in paragraph at lines 142--144
|   []   |   []   |   []   |   []   |   []   |   []
 []


Underfull \hbox (badness 1577) in paragraph at lines 150--153
|   []   |   []   |   []   |   []   |   []   |   []   |   []
 []

[1{C:/Users/Francesco/AppData/Local/MiKTeX/2.9/pdftex/config/pdftex.map}

\openout4 = `main.ist'.


]
LaTeX Font Info:    Try loading font information for U+msa on input line 163.

(C:\Users\Francesco\MikTeX\tex\latex\amsfonts\umsa.fd
File: umsa.fd 2013/01/14 v3.01 AMS symbols A
)
LaTeX Font Info:    Try loading font information for U+msb on input line 163.

(C:\Users\Francesco\MikTeX\tex\latex\amsfonts\umsb.fd
File: umsb.fd 2013/01/14 v3.01 AMS symbols B
)
Underfull \hbox (badness 1789) in paragraph at lines 163--164
|   []   |   []   |   []   |   []   |   []   |   []   |   []
 []


Underfull \hbox (badness 5893) in paragraph at lines 179--181
\OT1/ptm/m/n/10 where $\OML/cmm/m/it/10 P[]$ \OT1/ptm/m/n/10 is the path-loss c
o-ef-fi-cient in dB, and
 []


Underfull \hbox (badness 1983) in paragraph at lines 179--181
|   []   |   []   |   []   |   []   |   []   |   []   |   []
 []


Underfull \vbox (badness 3724) has occurred while \output is active []

 [2]
<simpleScen.jpg, id=24, 136.8312pt x 135.1449pt>
File: simpleScen.jpg Graphic file (type jpg)
<use simpleScen.jpg>
Package pdftex.def Info: simpleScen.jpg  used on input line 230.
(pdftex.def)             Requested size: 170.71652pt x 168.61519pt.

Underfull \hbox (badness 2856) in paragraph at lines 238--241
|   []   |   []   |   []   |   []  [][]|   []
 []


Underfull \hbox (badness 4001) in paragraph at lines 242--243
|   []   |   []   |   []   |   []   |   []   |   []   |   []   |   []
 []


Underfull \hbox (badness 10000) in paragraph at lines 246--247
[]|   []   |   []   |   []   |   []   |   []   |   []   |   []   |   []
 []


Underfull \hbox (badness 2012) in paragraph at lines 246--247
|   []   |   []   |   []   |   []   |   []   |   []
 []

[3 <./simpleScen.jpg>]
Underfull \hbox (badness 2150) in paragraph at lines 250--252
[] []|   []   |   []   |   []   |   []   |   []   |   []   |   []   |   []   | 
  []   |   []   |   []   |   []
 []


Underfull \hbox (badness 3977) in paragraph at lines 250--252
|   []   |   []   |   []   |   []   |   []   |   []   |   []   |   []   |   [] 
  |   []
 []


Underfull \hbox (badness 2435) in paragraph at lines 250--252
|   []   |   []   |   []   |   []   |   []   |   []
 []


Underfull \hbox (badness 1735) in paragraph at lines 250--252
|   []   |   []   |   []   |   []   |   []   |   []   |   []   |   []   |   []
 []

[4] [5]
Underfull \hbox (badness 4765) in paragraph at lines 445--446
[]|   []   |   []   |   []   |   []   |   []   |   []   |   []   |   []
 []


Underfull \hbox (badness 1824) in paragraph at lines 445--446
|   []   |   []   |   []   |   []   |   []   |   []   |   []   |   []   |   [] 
  |   []
 []


Underfull \hbox (badness 2134) in paragraph at lines 487--488
|   []   |   []   |   []   |   []   |   []   |   []   |   []   |   []   |   [] 
  |   []
 []

[6] Excluding 'comment' comment. Excluding 'comment' comment.
Excluding 'comment' comment.
Underfull \hbox (badness 3019) in paragraph at lines 862--864
|   []   |   []   |   []   |   []   |   []   |   []   |   []
 []


Underfull \hbox (badness 1354) in paragraph at lines 868--869
 \OT1/ptm/m/it/10 Un-cor-re-lated fad-ing/shadowing: [] |   []   |   []   |   [
]
 []

Package epstopdf Info: Source file: <comp_NN_NP_CE.eps>
(epstopdf)                    date: 2019-04-05 13:06:42
(epstopdf)                    size: 705168 bytes
(epstopdf)             Output file: <comp_NN_NP_CE-eps-converted-to.pdf>
(epstopdf)                    date: 2019-04-05 13:09:05
(epstopdf)                    size: 196090 bytes
(epstopdf)             Command: <epstopdf --outfile=comp_NN_NP_CE-eps-converted
-to.pdf comp_NN_NP_CE.eps>
(epstopdf)             \includegraphics on input line 872.
Package epstopdf Info: Output file is already uptodate.
<comp_NN_NP_CE-eps-converted-to.pdf, id=43, 421.575pt x 316.18124pt>
File: comp_NN_NP_CE-eps-converted-to.pdf Graphic file (type pdf)
<use comp_NN_NP_CE-eps-converted-to.pdf>
Package pdftex.def Info: comp_NN_NP_CE-eps-converted-to.pdf  used on input line
 872.
(pdftex.def)             Requested size: 241.84842pt x 181.38788pt.
[7 <./comp_NN_NP_CE-eps-converted-to.pdf>]
<scenariotex.png, id=55, 597.73312pt x 569.12625pt>
File: scenariotex.png Graphic file (type png)
<use scenariotex.png>
Package pdftex.def Info: scenariotex.png  used on input line 884.
(pdftex.def)             Requested size: 241.84842pt x 230.27776pt.
Package epstopdf Info: Source file: <map.eps>
(epstopdf)                    date: 2019-04-05 13:06:42
(epstopdf)                    size: 85806 bytes
(epstopdf)             Output file: <map-eps-converted-to.pdf>
(epstopdf)                    date: 2019-04-05 13:09:06
(epstopdf)                    size: 73059 bytes
(epstopdf)             Command: <epstopdf --outfile=map-eps-converted-to.pdf ma
p.eps>
(epstopdf)             \includegraphics on input line 891.
Package epstopdf Info: Output file is already uptodate.
<map-eps-converted-to.pdf, id=56, 431.6125pt x 355.3275pt>
File: map-eps-converted-to.pdf Graphic file (type pdf)
<use map-eps-converted-to.pdf>
Package pdftex.def Info: map-eps-converted-to.pdf  used on input line 891.
(pdftex.def)             Requested size: 241.84842pt x 199.1013pt.
Package epstopdf Info: Source file: <res_NP_approx_SVM.eps>
(epstopdf)                    date: 2019-04-05 16:36:08
(epstopdf)                    size: 266876 bytes
(epstopdf)             Output file: <res_NP_approx_SVM-eps-converted-to.pdf>
(epstopdf)                    date: 2019-04-05 16:37:37
(epstopdf)                    size: 88976 bytes
(epstopdf)             Command: <epstopdf --outfile=res_NP_approx_SVM-eps-conve
rted-to.pdf res_NP_approx_SVM.eps>
(epstopdf)             \includegraphics on input line 912.
Package epstopdf Info: Output file is already uptodate.
<res_NP_approx_SVM-eps-converted-to.pdf, id=57, 421.575pt x 317.185pt>
File: res_NP_approx_SVM-eps-converted-to.pdf Graphic file (type pdf)
<use res_NP_approx_SVM-eps-converted-to.pdf>
Package pdftex.def Info: res_NP_approx_SVM-eps-converted-to.pdf  used on input 
line 912.
(pdftex.def)             Requested size: 241.84842pt x 181.96371pt.
 [8 <./scenariotex.png> <./map-eps-converted-to.pdf> <./res_NP_approx_SVM-eps-c
onverted-to.pdf>]
Package epstopdf Info: Source file: <res_training_10BS_2Class.eps>
(epstopdf)                    date: 2019-04-05 13:06:42
(epstopdf)                    size: 859611 bytes
(epstopdf)             Output file: <res_training_10BS_2Class-eps-converted-to.
pdf>
(epstopdf)                    date: 2019-04-05 13:09:08
(epstopdf)                    size: 287484 bytes
(epstopdf)             Command: <epstopdf --outfile=res_training_10BS_2Class-ep
s-converted-to.pdf res_training_10BS_2Class.eps>
(epstopdf)             \includegraphics on input line 937.
Package epstopdf Info: Output file is already uptodate.
<res_training_10BS_2Class-eps-converted-to.pdf, id=72, 421.575pt x 316.18124pt>

File: res_training_10BS_2Class-eps-converted-to.pdf Graphic file (type pdf)
<use res_training_10BS_2Class-eps-converted-to.pdf>
Package pdftex.def Info: res_training_10BS_2Class-eps-converted-to.pdf  used on
 input line 937.
(pdftex.def)             Requested size: 241.84842pt x 181.38788pt.
Package epstopdf Info: Source file: <res_training_10BS_2Class_newArea.eps>
(epstopdf)                    date: 2019-04-05 13:06:42
(epstopdf)                    size: 864073 bytes
(epstopdf)             Output file: <res_training_10BS_2Class_newArea-eps-conve
rted-to.pdf>
(epstopdf)                    date: 2019-04-05 13:09:10
(epstopdf)                    size: 287198 bytes
(epstopdf)             Command: <epstopdf --outfile=res_training_10BS_2Class_ne
wArea-eps-converted-to.pdf res_training_10BS_2Class_newArea.eps>
(epstopdf)             \includegraphics on input line 945.
Package epstopdf Info: Output file is already uptodate.
<res_training_10BS_2Class_newArea-eps-converted-to.pdf, id=73, 421.575pt x 316.
18124pt>
File: res_training_10BS_2Class_newArea-eps-converted-to.pdf Graphic file (type 
pdf)
<use res_training_10BS_2Class_newArea-eps-converted-to.pdf>
Package pdftex.def Info: res_training_10BS_2Class_newArea-eps-converted-to.pdf 
 used on input line 945.
(pdftex.def)             Requested size: 241.84842pt x 181.38788pt.
Package epstopdf Info: Source file: <res_fading_5BS_2Class.eps>
(epstopdf)                    date: 2019-04-05 13:06:42
(epstopdf)                    size: 811192 bytes
(epstopdf)             Output file: <res_fading_5BS_2Class-eps-converted-to.pdf
>
(epstopdf)                    date: 2019-04-05 13:09:12
(epstopdf)                    size: 265606 bytes
(epstopdf)             Command: <epstopdf --outfile=res_fading_5BS_2Class-eps-c
onverted-to.pdf res_fading_5BS_2Class.eps>
(epstopdf)             \includegraphics on input line 959.
Package epstopdf Info: Output file is already uptodate.
<res_fading_5BS_2Class-eps-converted-to.pdf, id=74, 421.575pt x 316.18124pt>
File: res_fading_5BS_2Class-eps-converted-to.pdf Graphic file (type pdf)
<use res_fading_5BS_2Class-eps-converted-to.pdf>
Package pdftex.def Info: res_fading_5BS_2Class-eps-converted-to.pdf  used on in
put line 959.
(pdftex.def)             Requested size: 241.84842pt x 181.38788pt.

Underfull \hbox (badness 10000) in paragraph at lines 973--975
 \OT1/ptm/m/it/10 b) Ef-fect of fad-ing av-er-age: [][] |   []   |   []   |   [
]
 []


Underfull \hbox (badness 1648) in paragraph at lines 973--975
|   []   |   []   |   []   |   []   |   []   |   []   |   []   |   []   |   []
 []

[9 <./res_training_10BS_2Class-eps-converted-to.pdf> <./res_training_10BS_2Clas
s_newArea-eps-converted-to.pdf> <./res_fading_5BS_2Class-eps-converted-to.pdf>]
Package epstopdf Info: Source file: <berlinNew.eps>
(epstopdf)                    date: 2019-04-05 13:06:42
(epstopdf)                    size: 37963 bytes
(epstopdf)             Output file: <berlinNew-eps-converted-to.pdf>
(epstopdf)                    date: 2019-04-05 13:09:12
(epstopdf)                    size: 11356 bytes
(epstopdf)             Command: <epstopdf --outfile=berlinNew-eps-converted-to.
pdf berlinNew.eps>
(epstopdf)             \includegraphics on input line 1003.
Package epstopdf Info: Output file is already uptodate.
<berlinNew-eps-converted-to.pdf, id=93, 421.575pt x 316.18124pt>
File: berlinNew-eps-converted-to.pdf Graphic file (type pdf)
<use berlinNew-eps-converted-to.pdf>
Package pdftex.def Info: berlinNew-eps-converted-to.pdf  used on input line 100
3.
(pdftex.def)             Requested size: 241.84842pt x 181.38788pt.

Underfull \hbox (badness 10000) in paragraph at lines 1008--1009
 \OT1/ptm/m/it/10 c) Re-sults on ex-per-i-men-tal data: [][] |   []   |   []
 []


Underfull \hbox (badness 10000) in paragraph at lines 1008--1009
|   []   |   []   |   []   |   []   |   []   |   []   |   []   |   []
 []


Underfull \hbox (badness 10000) in paragraph at lines 1008--1009
|   []   |   []   |   []   |   []   |   []   |   []   |   []   |   []
 []


Underfull \hbox (badness 10000) in paragraph at lines 1008--1009
|   []   |   []   |   []   |   []   |   []   |   []
 []


Underfull \hbox (badness 10000) in paragraph at lines 1008--1009
|   []   |   []   |   []   |   []   |   []   |   []   |   []
 []


Underfull \hbox (badness 1442) in paragraph at lines 1008--1009
|   []   |   []   |   []   |   []   |   []   |   []   |   []   |   []
 []


Underfull \hbox (badness 6001) in paragraph at lines 1008--1009
|   []   |   []   |   []   |   []   |   []
 []


Underfull \hbox (badness 1496) in paragraph at lines 1008--1009
|   []   |   []   |   []
 []


Underfull \hbox (badness 1496) in paragraph at lines 1008--1009
|   []   |   []   |   []
 []

Package epstopdf Info: Source file: <res_Training_10BS_oneClass.eps>
(epstopdf)                    date: 2019-04-05 13:06:42
(epstopdf)                    size: 173700 bytes
(epstopdf)             Output file: <res_Training_10BS_oneClass-eps-converted-t
o.pdf>
(epstopdf)                    date: 2019-04-05 13:09:13
(epstopdf)                    size: 58011 bytes
(epstopdf)             Command: <epstopdf --outfile=res_Training_10BS_oneClass-
eps-converted-to.pdf res_Training_10BS_oneClass.eps>
(epstopdf)             \includegraphics on input line 1015.
Package epstopdf Info: Output file is already uptodate.
<res_Training_10BS_oneClass-eps-converted-to.pdf, id=94, 421.575pt x 316.18124p
t>
File: res_Training_10BS_oneClass-eps-converted-to.pdf Graphic file (type pdf)
<use res_Training_10BS_oneClass-eps-converted-to.pdf>
Package pdftex.def Info: res_Training_10BS_oneClass-eps-converted-to.pdf  used 
on input line 1015.
(pdftex.def)             Requested size: 241.84842pt x 181.38788pt.

Underfull \vbox (badness 10000) has occurred while \output is active []

Package epstopdf Info: Source file: <res_Fading_new_10BS_oneClass.eps>
(epstopdf)                    date: 2019-04-05 13:06:42
(epstopdf)                    size: 645346 bytes
(epstopdf)             Output file: <res_Fading_new_10BS_oneClass-eps-converted
-to.pdf>
(epstopdf)                    date: 2019-04-05 13:09:14
(epstopdf)                    size: 210895 bytes
(epstopdf)             Command: <epstopdf --outfile=res_Fading_new_10BS_oneClas
s-eps-converted-to.pdf res_Fading_new_10BS_oneClass.eps>
(epstopdf)             \includegraphics on input line 1051.
Package epstopdf Info: Output file is already uptodate.
<res_Fading_new_10BS_oneClass-eps-converted-to.pdf, id=95, 421.575pt x 316.1812
4pt>
File: res_Fading_new_10BS_oneClass-eps-converted-to.pdf Graphic file (type pdf)

<use res_Fading_new_10BS_oneClass-eps-converted-to.pdf>
Package pdftex.def Info: res_Fading_new_10BS_oneClass-eps-converted-to.pdf  use
d on input line 1051.
(pdftex.def)             Requested size: 241.84842pt x 181.38788pt.

Excluding 'comment' comment. [10 <./berlinNew-eps-converted-to.pdf> <./res_Trai
ning_10BS_oneClass-eps-converted-to.pdf>]
Underfull \hbox (badness 3240) in paragraph at lines 1101--1102
 \OT1/ptm/m/it/10 1) Un-cor-re-lated Fad-ing sce-nario: [][] |   []   |   []
 []


Underfull \hbox (badness 10000) in paragraph at lines 1101--1102
|   []   |   []   |   []   |   []   |   []
 []


Underfull \hbox (badness 10000) in paragraph at lines 1108--1111
[] []|   []   |   []   |   []   |   []   |   []   |   []   |   []
 []


Underfull \hbox (badness 10000) in paragraph at lines 1108--1111
|   []   |   []   |   []   |   []
 []


Underfull \hbox (badness 10000) in paragraph at lines 1108--1111
|   []  [][]|   []   |   []   |   []
 []


Underfull \vbox (badness 1496) has occurred while \output is active []


Underfull \hbox (badness 10000) in paragraph at lines 1134--1135
 \OT1/ptm/m/it/10 2) Un-cor-re-lated shad-ow-ing sce-nario: [][] |   []
 []


Underfull \hbox (badness 1383) in paragraph at lines 1134--1135
|   []   |   []   |   []   |   []   |   []   |   []
 []


Underfull \hbox (badness 5771) in paragraph at lines 1140--1143
[] []|   []   |   []   |   []   |   []   |   []   |   []   |   []   |   []   | 
  []
 []


Underfull \hbox (badness 4582) in paragraph at lines 1140--1143
|   []   |   []   |   []   |   []   |   []   |   []
 []


Underfull \hbox (badness 10000) in paragraph at lines 1153--1154
[]\OT1/ptm/m/n/10 Given a fi-nite at-ten-u-a-tion vec-tor al-pha-bet
 []


Underfull \vbox (badness 1292) has occurred while \output is active []

 [11 <./res_Fading_new_10BS_oneClass-eps-converted-to.pdf>] [12]
Excluding 'comment' comment.

Package glossaries Warning: No \printglossary or \printglossaries found. 
(Remove \makeglossaries if you don't want any glossaries.) 
This document will not have a glossary.

[13

] (main.aux)
Package logreq Info: Writing requests to 'main.run.xml'.
\openout1 = `main.run.xml'.

 ) 
Here is how much of TeX's memory you used:
 17434 strings out of 493305
 287351 string characters out of 3139754
 834084 words of memory out of 3000000
 20646 multiletter control sequences out of 15000+200000
 48577 words of font info for 109 fonts, out of 3000000 for 9000
 1141 hyphenation exceptions out of 8191
 45i,20n,52p,2207b,1175s stack positions out of 5000i,500n,10000p,200000b,50000s
{C:/Users/Francesco/MikTeX/fonts/enc/dvips/base/8r.enc}<C:/Users/Francesco/Mi
kTeX/fonts/type1/public/amsfonts/cm/cmex10.pfb><C:/Users/Francesco/MikTeX/fonts
/type1/public/amsfonts/cm/cmmi10.pfb><C:/Users/Francesco/MikTeX/fonts/type1/pub
lic/amsfonts/cm/cmmi5.pfb><C:/Users/Francesco/MikTeX/fonts/type1/public/amsfont
s/cm/cmmi6.pfb><C:/Users/Francesco/MikTeX/fonts/type1/public/amsfonts/cm/cmmi7.
pfb><C:/Users/Francesco/MikTeX/fonts/type1/public/amsfonts/cm/cmmi8.pfb><C:/Use
rs/Francesco/MikTeX/fonts/type1/public/amsfonts/cm/cmmib10.pfb><C:/Users/France
sco/MikTeX/fonts/type1/public/amsfonts/cmextra/cmmib5.pfb><C:/Users/Francesco/M
ikTeX/fonts/type1/public/amsfonts/cmextra/cmmib7.pfb><C:/Users/Francesco/MikTeX
/fonts/type1/public/amsfonts/cmextra/cmmib8.pfb><C:/Users/Francesco/MikTeX/font
s/type1/public/amsfonts/cm/cmr10.pfb><C:/Users/Francesco/MikTeX/fonts/type1/pub
lic/amsfonts/cm/cmr5.pfb><C:/Users/Francesco/MikTeX/fonts/type1/public/amsfonts
/cm/cmr6.pfb><C:/Users/Francesco/MikTeX/fonts/type1/public/amsfonts/cm/cmr7.pfb
><C:/Users/Francesco/MikTeX/fonts/type1/public/amsfonts/cm/cmr8.pfb><C:/Users/F
rancesco/MikTeX/fonts/type1/public/amsfonts/cm/cmsy10.pfb><C:/Users/Francesco/M
ikTeX/fonts/type1/public/amsfonts/cm/cmsy7.pfb><C:/Users/Francesco/MikTeX/fonts
/type1/public/amsfonts/cm/cmsy8.pfb><C:/Users/Francesco/MikTeX/fonts/type1/publ
ic/amsfonts/cm/cmtt10.pfb><C:/Users/Francesco/MikTeX/fonts/type1/public/amsfont
s/symbols/msam10.pfb><C:/Users/Francesco/MikTeX/fonts/type1/public/amsfonts/sym
bols/msbm10.pfb><C:/Users/Francesco/MikTeX/fonts/type1/urw/times/utmb8a.pfb><C:
/Users/Francesco/MikTeX/fonts/type1/urw/times/utmbi8a.pfb><C:/Users/Francesco/M
ikTeX/fonts/type1/urw/times/utmr8a.pfb><C:/Users/Francesco/MikTeX/fonts/type1/u
rw/times/utmri8a.pfb>
Output written on main.pdf (13 pages, 2019271 bytes).
PDF statistics:
 203 PDF objects out of 1000 (max. 8388607)
 0 named destinations out of 1000 (max. 500000)
 56 words of extra memory for PDF output out of 10000 (max. 10000000)

